<?xml version="1.0" encoding="UTF-8"?>
<!-- Generated by org.testng.reporters.JUnitReportReporter -->
<testsuite hostname="LAPTOP-INIMHLOE" failures="0" tests="1" name="Alza.Automation.TestCases" time="13.066" errors="0" timestamp="2022-07-13T20:11:33 CEST" skipped="0">
  <testcase classname="Alza.Automation.TestCases" name="Case3_VerifyLeftHandSideMenu" time="13.066"/>
  <system-out/>
</testsuite> <!-- Alza.Automation.TestCases -->
